Determining if the pthread_create exist failed with the following output:
Change Dir: /media/MAXTOR/___backup/home/mscipio/Scrivania/GPUFIT_SRC/Gpufit/build/CMakeFiles/CMakeTmp

Run Build Command:"/usr/bin/make" "cmTC_0e628/fast"
/usr/bin/make -f CMakeFiles/cmTC_0e628.dir/build.make CMakeFiles/cmTC_0e628.dir/build
make[1]: Entering directory '/media/MAXTOR/___backup/home/mscipio/Scrivania/GPUFIT_SRC/Gpufit/build/CMakeFiles/CMakeTmp'
Building C object CMakeFiles/cmTC_0e628.dir/CheckSymbolExists.c.o
/usr/bin/cc    -fPIC    -o CMakeFiles/cmTC_0e628.dir/CheckSymbolExists.c.o   -c /media/MAXTOR/___backup/home/mscipio/Scrivania/GPUFIT_SRC/Gpufit/build/CMakeFiles/CMakeTmp/CheckSymbolExists.c
Linking C executable cmTC_0e628
/usr/local/bin/cmake -E cmake_link_script CMakeFiles/cmTC_0e628.dir/link.txt --verbose=1
/usr/bin/cc  -fPIC     CMakeFiles/cmTC_0e628.dir/CheckSymbolExists.c.o  -o cmTC_0e628 
CMakeFiles/cmTC_0e628.dir/CheckSymbolExists.c.o: In function `main':
CheckSymbolExists.c:(.text+0x1b): undefined reference to `pthread_create'
collect2: error: ld returned 1 exit status
CMakeFiles/cmTC_0e628.dir/build.make:97: recipe for target 'cmTC_0e628' failed
make[1]: *** [cmTC_0e628] Error 1
make[1]: Leaving directory '/media/MAXTOR/___backup/home/mscipio/Scrivania/GPUFIT_SRC/Gpufit/build/CMakeFiles/CMakeTmp'
Makefile:126: recipe for target 'cmTC_0e628/fast' failed
make: *** [cmTC_0e628/fast] Error 2

File /media/MAXTOR/___backup/home/mscipio/Scrivania/GPUFIT_SRC/Gpufit/build/CMakeFiles/CMakeTmp/CheckSymbolExists.c:
/* */
#include <pthread.h>

int main(int argc, char** argv)
{
  (void)argv;
#ifndef pthread_create
  return ((int*)(&pthread_create))[argc];
#else
  (void)argc;
  return 0;
#endif
}

Determining if the function pthread_create exists in the pthreads failed with the following output:
Change Dir: /media/MAXTOR/___backup/home/mscipio/Scrivania/GPUFIT_SRC/Gpufit/build/CMakeFiles/CMakeTmp

Run Build Command:"/usr/bin/make" "cmTC_f3fc8/fast"
/usr/bin/make -f CMakeFiles/cmTC_f3fc8.dir/build.make CMakeFiles/cmTC_f3fc8.dir/build
make[1]: Entering directory '/media/MAXTOR/___backup/home/mscipio/Scrivania/GPUFIT_SRC/Gpufit/build/CMakeFiles/CMakeTmp'
Building C object CMakeFiles/cmTC_f3fc8.dir/CheckFunctionExists.c.o
/usr/bin/cc    -fPIC -DCHECK_FUNCTION_EXISTS=pthread_create   -o CMakeFiles/cmTC_f3fc8.dir/CheckFunctionExists.c.o   -c /usr/local/share/cmake-3.7/Modules/CheckFunctionExists.c
Linking C executable cmTC_f3fc8
/usr/local/bin/cmake -E cmake_link_script CMakeFiles/cmTC_f3fc8.dir/link.txt --verbose=1
/usr/bin/cc  -fPIC -DCHECK_FUNCTION_EXISTS=pthread_create    CMakeFiles/cmTC_f3fc8.dir/CheckFunctionExists.c.o  -o cmTC_f3fc8 -lpthreads 
/usr/bin/ld: cannot find -lpthreads
collect2: error: ld returned 1 exit status
CMakeFiles/cmTC_f3fc8.dir/build.make:97: recipe for target 'cmTC_f3fc8' failed
make[1]: *** [cmTC_f3fc8] Error 1
make[1]: Leaving directory '/media/MAXTOR/___backup/home/mscipio/Scrivania/GPUFIT_SRC/Gpufit/build/CMakeFiles/CMakeTmp'
Makefile:126: recipe for target 'cmTC_f3fc8/fast' failed
make: *** [cmTC_f3fc8/fast] Error 2


